{
  "RSpec": {
    "coverage": {
      "/Users/juantareq/Desktop/PracticasLPP/prct09LPP/spec/exam_spec.rb": [
        null,
        1,
        null,
        1,
        null,
        1,
        1,
        1,
        1,
        1,
        null,
        null,
        1,
        1,
        1,
        null,
        null,
        1,
        1,
        null,
        null,
        1,
        null,
        1,
        null,
        null,
        1,
        null,
        1,
        null,
        null,
        1,
        1,
        null,
        null,
        null,
        null,
        1,
        null,
        1,
        1,
        1,
        1,
        1,
        null,
        1,
        1,
        1,
        null,
        1,
        1,
        1,
        1,
        1,
        null,
        1,
        1,
        1,
        1,
        1,
        null,
        1,
        1,
        1,
        null,
        1,
        1,
        1,
        1,
        1,
        null,
        1,
        1,
        1,
        1,
        1,
        1,
        null,
        null,
        null,
        null,
        1,
        1,
        null,
        1,
        0,
        0,
        0,
        0,
        null,
        null,
        1,
        0,
        0,
        null,
        null,
        1,
        0,
        0,
        0,
        0,
        0,
        null,
        null,
        1,
        0,
        0,
        0,
        0,
        null,
        null,
        1,
        0,
        0,
        0,
        0,
        0,
        0,
        0,
        0,
        0,
        null,
        null,
        null,
        1,
        0,
        0,
        0,
        0,
        0,
        0,
        0,
        0,
        0,
        null,
        null,
        1,
        0,
        0,
        0,
        0,
        0,
        0,
        0,
        0,
        0,
        null,
        null,
        1,
        0,
        0,
        null,
        null,
        null,
        1,
        1,
        0,
        0,
        null,
        0,
        null,
        null,
        1,
        1,
        0,
        null,
        null,
        1,
        0,
        null,
        null,
        1,
        0,
        null,
        null,
        null,
        1,
        null,
        1,
        null,
        0,
        0,
        0,
        0,
        0,
        null,
        0,
        0,
        0,
        null,
        0,
        0,
        0,
        0,
        0,
        null,
        0,
        0,
        0,
        0,
        0,
        null,
        0,
        null,
        0,
        0,
        0,
        0,
        0,
        null,
        0,
        0,
        0,
        0,
        0,
        0,
        null,
        null,
        1,
        0,
        0,
        0,
        0,
        null,
        0,
        null,
        null,
        1,
        0,
        null,
        null,
        1,
        0,
        null,
        null,
        1,
        0,
        null,
        null,
        1,
        0,
        null,
        null,
        1,
        0,
        null,
        null,
        null,
        null,
        null,
        1,
        1,
        1,
        1,
        1,
        1,
        1,
        null,
        1,
        null,
        1,
        1,
        1,
        1,
        1,
        null,
        1,
        1,
        1,
        1,
        1,
        null,
        1,
        null,
        1,
        1,
        1,
        1,
        1,
        null,
        1,
        1,
        1,
        1,
        1,
        1,
        null,
        null,
        1,
        1,
        1,
        1,
        1,
        1,
        1,
        null,
        null,
        1,
        1,
        1,
        null,
        null,
        null,
        null
      ],
      "/Users/juantareq/Desktop/PracticasLPP/prct09LPP/lib/exam.rb": [
        null,
        1,
        1,
        1,
        1,
        1,
        1,
        null,
        1,
        null,
        null
      ],
      "/Users/juantareq/Desktop/PracticasLPP/prct09LPP/lib/exam/preguntaMadre.rb": [
        null,
        1,
        1,
        null,
        1,
        1,
        11,
        11,
        null,
        null,
        1,
        7,
        null,
        null,
        1,
        0,
        null,
        null,
        null
      ],
      "/Users/juantareq/Desktop/PracticasLPP/prct09LPP/lib/exam/pregunta.rb": [
        null,
        1,
        null,
        1,
        1,
        9,
        9,
        null,
        null,
        null,
        1,
        52358,
        null,
        null,
        1,
        30,
        null,
        null,
        1,
        52358,
        52358,
        209428,
        null,
        52358,
        null,
        null,
        1,
        52357,
        null,
        null,
        null
      ],
      "/Users/juantareq/Desktop/PracticasLPP/prct09LPP/lib/exam/preguntaVF.rb": [
        null,
        1,
        1,
        2,
        2,
        null,
        1,
        34904,
        34904,
        34904,
        34904,
        null,
        null
      ],
      "/Users/juantareq/Desktop/PracticasLPP/prct09LPP/lib/exam/lista.rb": [
        null,
        null,
        1,
        null,
        1,
        1,
        1,
        17,
        null,
        null,
        null,
        1,
        1,
        1,
        2,
        2,
        null,
        null,
        1,
        20,
        null,
        20,
        20,
        null,
        0,
        null,
        null,
        20,
        null,
        20,
        3,
        3,
        null,
        null,
        20,
        17,
        null,
        null,
        20,
        null,
        null,
        20,
        null,
        null,
        null,
        null,
        1,
        0,
        0,
        0,
        0,
        null,
        0,
        0,
        null,
        0,
        null,
        null,
        1,
        25,
        null,
        null,
        1,
        1,
        null,
        null,
        1,
        2,
        null,
        2,
        10,
        10,
        null,
        null,
        null,
        1,
        1,
        1,
        1,
        12,
        10,
        10,
        null,
        null,
        null,
        null
      ],
      "/Users/juantareq/Desktop/PracticasLPP/prct09LPP/lib/exam/examen.rb": [
        null,
        null,
        1,
        1,
        1,
        1,
        1,
        null,
        null,
        null,
        1,
        1,
        1,
        87262,
        87260,
        87260,
        87260,
        null,
        0,
        null,
        null,
        null
      ]
    },
    "timestamp": 1415912528
  }
}
